  HuffmanTree.cpp
f:\alc\ca3\ca3\huffmantree.cpp(56): error C2146: syntax error: missing '>' before identifier 'subTreeRoot'
f:\alc\ca3\ca3\huffmantree.cpp(56): error C2143: syntax error: missing ';' before '{'
f:\alc\ca3\ca3\huffmantree.cpp(57): error C2143: syntax error: missing ';' before '{'
f:\alc\ca3\ca3\huffmantree.cpp(58): error C2947: expecting '>' to terminate template-argument-list, found '<<'
c:\program files (x86)\microsoft visual studio\2017\enterprise\vc\tools\msvc\14.12.25827\include\queue(212): error C2825: '_Container': must be a class or namespace when followed by '::'
c:\program files (x86)\microsoft visual studio\2017\enterprise\vc\tools\msvc\14.12.25827\include\queue(212): error C2510: '_Container': left of '::' must be a class/struct/union
c:\program files (x86)\microsoft visual studio\2017\enterprise\vc\tools\msvc\14.12.25827\include\queue(212): error C2146: syntax error: missing '>' before identifier 'value_type'
f:\alc\ca3\ca3\huffmantree.cpp(58): error C2143: syntax error: missing ')' before 'string'
f:\alc\ca3\ca3\huffmantree.cpp(58): error C2143: syntax error: missing ';' before 'string'
f:\alc\ca3\ca3\huffmantree.cpp(58): error C2761: 'printQueue': redeclaration of member is not allowed
f:\alc\ca3\ca3\huffmantree.cpp(58): error C2059: syntax error: 'string'
f:\alc\ca3\ca3\huffmantree.cpp(59): error C2059: syntax error: '}'
f:\alc\ca3\ca3\huffmantree.cpp(59): error C2143: syntax error: missing ';' before '}'
f:\alc\ca3\ca3\huffmantree.cpp(60): error C2143: syntax error: missing ';' before '{'
f:\alc\ca3\ca3\huffmantree.cpp(60): error C2447: '{': missing function header (old-style formal list?)
f:\alc\ca3\ca3\huffmantree.cpp(71): error C2059: syntax error: '}'
f:\alc\ca3\ca3\huffmantree.cpp(71): error C2143: syntax error: missing ';' before '}'
f:\alc\ca3\ca3\huffmantree.cpp(73): error C2143: syntax error: missing ';' before '{'
f:\alc\ca3\ca3\huffmantree.cpp(73): error C2447: '{': missing function header (old-style formal list?)
